# JRE version: Java(TM) SE Runtime Environment (8.0_73-b02) (build 1.8.0_73-b02)
# Java VM: Java HotSpot(TM) 64-Bit Server VM (25.73-b02 mixed mode windows-amd64 compressed oops)
Heap:
 PSYoungGen      total 458240K, used 374697K [0x00000000d5d80000, 0x00000000f8500000, 0x0000000100000000)
  eden space 431616K, 83% used [0x00000000d5d80000,0x00000000ebbf40a8,0x00000000f0300000)
  from space 26624K, 59% used [0x00000000f3580000,0x00000000f44f63a0,0x00000000f4f80000)
  to   space 51712K, 0% used [0x00000000f0300000,0x00000000f0300000,0x00000000f3580000)
 ParOldGen       total 201728K, used 102283K [0x0000000081800000, 0x000000008dd00000, 0x00000000d5d80000)
  object space 201728K, 50% used [0x0000000081800000,0x0000000087be2d38,0x000000008dd00000)
 Metaspace       used 42812K, capacity 43254K, committed 43648K, reserved 1087488K
  class space    used 5100K, capacity 5231K, committed 5248K, reserved 1048576K
GC Heap History (10 events):
Event: 43.207 GC heap before
{Heap before GC invocations=11 (full 1):
 PSYoungGen      total 271360K, used 40516K [0x00000000d5d80000, 0x00000000eb580000, 0x0000000100000000)
  eden space 262144K, 11% used [0x00000000d5d80000,0x00000000d7c119b8,0x00000000e5d80000)
  from space 9216K, 99% used [0x00000000e5d80000,0x00000000e667f880,0x00000000e6680000)
  to   space 21504K, 0% used [0x00000000ea080000,0x00000000ea080000,0x00000000eb580000)
 ParOldGen       total 54272K, used 36512K [0x0000000081800000, 0x0000000084d00000, 0x00000000d5d80000)
  object space 54272K, 67% used [0x0000000081800000,0x0000000083ba8170,0x0000000084d00000)
 Metaspace       used 34944K, capacity 35278K, committed 35496K, reserved 1081344K
  class space    used 4397K, capacity 4509K, committed 4608K, reserved 1048576K
Event: 43.239 GC heap after
Heap after GC invocations=11 (full 1):
 PSYoungGen      total 331264K, used 11660K [0x00000000d5d80000, 0x00000000ef600000, 0x0000000100000000)
  eden space 309760K, 0% used [0x00000000d5d80000,0x00000000d5d80000,0x00000000e8c00000)
  from space 21504K, 54% used [0x00000000ea080000,0x00000000eabe32b8,0x00000000eb580000)
  to   space 20992K, 0% used [0x00000000e8c00000,0x00000000e8c00000,0x00000000ea080000)
 ParOldGen       total 54272K, used 49318K [0x0000000081800000, 0x0000000084d00000, 0x00000000d5d80000)
  object space 54272K, 90% used [0x0000000081800000,0x0000000084829930,0x0000000084d00000)
 Metaspace       used 34944K, capacity 35278K, committed 35496K, reserved 1081344K
  class space    used 4397K, capacity 4509K, committed 4608K, reserved 1048576K
}
Event: 43.239 GC heap before
{Heap before GC invocations=12 (full 2):
 PSYoungGen      total 331264K, used 11660K [0x00000000d5d80000, 0x00000000ef600000, 0x0000000100000000)
  eden space 309760K, 0% used [0x00000000d5d80000,0x00000000d5d80000,0x00000000e8c00000)
  from space 21504K, 54% used [0x00000000ea080000,0x00000000eabe32b8,0x00000000eb580000)
  to   space 20992K, 0% used [0x00000000e8c00000,0x00000000e8c00000,0x00000000ea080000)
 ParOldGen       total 54272K, used 49318K [0x0000000081800000, 0x0000000084d00000, 0x00000000d5d80000)
  object space 54272K, 90% used [0x0000000081800000,0x0000000084829930,0x0000000084d00000)
 Metaspace       used 34944K, capacity 35278K, committed 35496K, reserved 1081344K
  class space    used 4397K, capacity 4509K, committed 4608K, reserved 1048576K
Event: 43.322 GC heap after
Heap after GC invocations=12 (full 2):
 PSYoungGen      total 331264K, used 0K [0x00000000d5d80000, 0x00000000ef600000, 0x0000000100000000)
  eden space 309760K, 0% used [0x00000000d5d80000,0x00000000d5d80000,0x00000000e8c00000)
  from space 21504K, 0% used [0x00000000ea080000,0x00000000ea080000,0x00000000eb580000)
  to   space 20992K, 0% used [0x00000000e8c00000,0x00000000e8c00000,0x00000000ea080000)
 ParOldGen       total 102400K, used 35929K [0x0000000081800000, 0x0000000087c00000, 0x00000000d5d80000)
  object space 102400K, 35% used [0x0000000081800000,0x0000000083b167c8,0x0000000087c00000)
 Metaspace       used 34944K, capacity 35278K, committed 35496K, reserved 1081344K
  class space    used 4397K, capacity 4509K, committed 4608K, reserved 1048576K
}
Event: 50.829 GC heap before
{Heap before GC invocations=13 (full 2):
 PSYoungGen      total 331264K, used 309760K [0x00000000d5d80000, 0x00000000ef600000, 0x0000000100000000)
  eden space 309760K, 100% used [0x00000000d5d80000,0x00000000e8c00000,0x00000000e8c00000)
  from space 21504K, 0% used [0x00000000ea080000,0x00000000ea080000,0x00000000eb580000)
  to   space 20992K, 0% used [0x00000000e8c00000,0x00000000e8c00000,0x00000000ea080000)
 ParOldGen       total 102400K, used 35929K [0x0000000081800000, 0x0000000087c00000, 0x00000000d5d80000)
  object space 102400K, 35% used [0x0000000081800000,0x0000000083b167c8,0x0000000087c00000)
 Metaspace       used 41274K, capacity 41712K, committed 42112K, reserved 1085440K
  class space    used 5041K, capacity 5166K, committed 5248K, reserved 1048576K
Event: 50.931 GC heap after
Heap after GC invocations=13 (full 2):
 PSYoungGen      total 330752K, used 20977K [0x00000000d5d80000, 0x00000000f4f80000, 0x0000000100000000)
  eden space 309760K, 0% used [0x00000000d5d80000,0x00000000d5d80000,0x00000000e8c00000)
  from space 20992K, 99% used [0x00000000e8c00000,0x00000000ea07c468,0x00000000ea080000)
  to   space 26624K, 0% used [0x00000000f3580000,0x00000000f3580000,0x00000000f4f80000)
 ParOldGen       total 102400K, used 42621K [0x0000000081800000, 0x0000000087c00000, 0x00000000d5d80000)
  object space 102400K, 41% used [0x0000000081800000,0x000000008419f790,0x0000000087c00000)
 Metaspace       used 41274K, capacity 41712K, committed 42112K, reserved 1085440K
  class space    used 5041K, capacity 5166K, committed 5248K, reserved 1048576K
}
Event: 54.452 GC heap before
{Heap before GC invocations=14 (full 2):
 PSYoungGen      total 330752K, used 330737K [0x00000000d5d80000, 0x00000000f4f80000, 0x0000000100000000)
  eden space 309760K, 100% used [0x00000000d5d80000,0x00000000e8c00000,0x00000000e8c00000)
  from space 20992K, 99% used [0x00000000e8c00000,0x00000000ea07c468,0x00000000ea080000)
  to   space 26624K, 0% used [0x00000000f3580000,0x00000000f3580000,0x00000000f4f80000)
 ParOldGen       total 102400K, used 42621K [0x0000000081800000, 0x0000000087c00000, 0x00000000d5d80000)
  object space 102400K, 41% used [0x0000000081800000,0x000000008419f790,0x0000000087c00000)
 Metaspace       used 42254K, capacity 42646K, committed 42880K, reserved 1087488K
  class space    used 5061K, capacity 5199K, committed 5248K, reserved 1048576K
Event: 54.578 GC heap after
Heap after GC invocations=14 (full 2):
 PSYoungGen      total 458240K, used 26606K [0x00000000d5d80000, 0x00000000f8500000, 0x0000000100000000)
  eden space 431616K, 0% used [0x00000000d5d80000,0x00000000d5d80000,0x00000000f0300000)
  from space 26624K, 99% used [0x00000000f3580000,0x00000000f4f7bb50,0x00000000f4f80000)
  to   space 51712K, 0% used [0x00000000f0300000,0x00000000f0300000,0x00000000f3580000)
 ParOldGen       total 102400K, used 98243K [0x0000000081800000, 0x0000000087c00000, 0x00000000d5d80000)
  object space 102400K, 95% used [0x0000000081800000,0x00000000877f0c98,0x0000000087c00000)
 Metaspace       used 42254K, capacity 42646K, committed 42880K, reserved 1087488K
  class space    used 5061K, capacity 5199K, committed 5248K, reserved 1048576K
}
Event: 54.578 GC heap before
{Heap before GC invocations=15 (full 3):
 PSYoungGen      total 458240K, used 26606K [0x00000000d5d80000, 0x00000000f8500000, 0x0000000100000000)
  eden space 431616K, 0% used [0x00000000d5d80000,0x00000000d5d80000,0x00000000f0300000)
  from space 26624K, 99% used [0x00000000f3580000,0x00000000f4f7bb50,0x00000000f4f80000)
  to   space 51712K, 0% used [0x00000000f0300000,0x00000000f0300000,0x00000000f3580000)
 ParOldGen       total 102400K, used 98243K [0x0000000081800000, 0x0000000087c00000, 0x00000000d5d80000)
  object space 102400K, 95% used [0x0000000081800000,0x00000000877f0c98,0x0000000087c00000)
 Metaspace       used 42254K, capacity 42646K, committed 42880K, reserved 1087488K
  class space    used 5061K, capacity 5199K, committed 5248K, reserved 1048576K
Event: 55.250 GC heap after
Heap after GC invocations=15 (full 3):
 PSYoungGen      total 458240K, used 15832K [0x00000000d5d80000, 0x00000000f8500000, 0x0000000100000000)
  eden space 431616K, 0% used [0x00000000d5d80000,0x00000000d5d80000,0x00000000f0300000)
  from space 26624K, 59% used [0x00000000f3580000,0x00000000f44f63a0,0x00000000f4f80000)
  to   space 51712K, 0% used [0x00000000f0300000,0x00000000f0300000,0x00000000f3580000)
 ParOldGen       total 201728K, used 102283K [0x0000000081800000, 0x000000008dd00000, 0x00000000d5d80000)
  object space 201728K, 50% used [0x0000000081800000,0x0000000087be2d38,0x000000008dd00000)
 Metaspace       used 42254K, capacity 42646K, committed 42880K, reserved 1087488K
  class space    used 5061K, capacity 5199K, committed 5248K, reserved 1048576K
}

